TN:
SF:prisma/seed.ts
FN:6,main
FN:75,(anonymous_9)
FN:79,(anonymous_10)
FN:79,(anonymous_11)
FNF:4
FNH:3
FNDA:1,main
FNDA:0,(anonymous_9)
FNDA:1,(anonymous_10)
FNDA:1,(anonymous_11)
DA:7,1
DA:65,1
DA:66,11
DA:74,1
DA:76,0
DA:77,0
DA:79,1
DA:80,1
LF:8
LH:6
BRF:0
BRH:0
end_of_record
TN:
SF:src/app.ts
FNF:0
FNH:0
DA:8,1
DA:9,1
DA:10,1
DA:12,1
DA:14,1
DA:15,1
DA:17,1
LF:7
LH:7
BRDA:14,0,0,1
BRF:1
BRH:1
end_of_record
TN:
SF:src/database.ts
FNF:0
FNH:0
DA:3,2
DA:4,2
LF:2
LH:2
BRF:0
BRH:0
end_of_record
TN:
SF:src/controllers/e2eController.ts
FN:4,truncate
FN:10,seed
FNF:2
FNH:0
FNDA:0,truncate
FNDA:0,seed
DA:5,0
DA:7,0
DA:11,0
DA:13,0
DA:16,1
LF:5
LH:1
BRF:0
BRH:0
end_of_record
TN:
SF:src/controllers/recommendationController.ts
FN:6,insert
FN:17,upvote
FN:25,downvote
FN:33,random
FN:39,get
FN:44,getTop
FN:51,getById
FNF:7
FNH:7
FNDA:6,insert
FNDA:1,upvote
FNDA:1,downvote
FNDA:2,random
FNDA:1,get
FNDA:1,getTop
FNDA:5,getById
DA:7,6
DA:8,6
DA:9,4
DA:12,2
DA:14,1
DA:18,1
DA:20,1
DA:22,1
DA:26,1
DA:28,1
DA:30,1
DA:34,2
DA:36,1
DA:40,1
DA:41,1
DA:45,1
DA:47,1
DA:48,1
DA:52,5
DA:54,5
DA:55,5
DA:58,1
LF:22
LH:22
BRDA:8,0,0,4
BRF:1
BRH:1
end_of_record
TN:
SF:src/middlewares/errorHandlerMiddleware.ts
FN:8,errorHandlerMiddleware
FNF:1
FNH:1
FNDA:6,errorHandlerMiddleware
DA:14,6
DA:16,6
DA:17,6
DA:20,0
LF:4
LH:3
BRDA:16,0,0,6
BRF:1
BRH:1
end_of_record
TN:
SF:src/repositories/recommendationRepository.ts
FN:5,create
FN:16,findAll
FN:26,getAmountByScore
FN:33,getFindAllFilter
FN:45,find
FN:51,findByName
FN:57,updateScore
FN:66,remove
FN:72,truncate
FNF:9
FNH:7
FNDA:1,create
FNDA:4,findAll
FNDA:1,getAmountByScore
FNDA:4,getFindAllFilter
FNDA:7,find
FNDA:2,findByName
FNDA:2,updateScore
FNDA:0,remove
FNDA:0,truncate
DA:6,1
DA:17,4
DA:19,4
DA:27,1
DA:36,4
DA:38,2
DA:40,2
DA:46,7
DA:52,2
DA:58,2
DA:67,0
DA:73,0
DA:76,2
LF:13
LH:11
BRDA:36,0,0,2
BRF:1
BRH:1
end_of_record
TN:
SF:src/routers/e2eRouter.ts
FNF:0
FNH:0
DA:4,1
DA:6,1
DA:7,1
LF:3
LH:3
BRF:0
BRH:0
end_of_record
TN:
SF:src/routers/recommendationRouter.ts
FNF:0
FNH:0
DA:4,1
DA:6,1
DA:7,1
DA:8,1
DA:9,1
DA:10,1
DA:11,1
DA:12,1
LF:8
LH:8
BRF:0
BRH:0
end_of_record
TN:
SF:src/schemas/recommendationsSchemas.ts
FNF:0
FNH:0
DA:4,1
DA:6,1
LF:2
LH:2
BRF:0
BRH:0
end_of_record
TN:
SF:src/services/e2eService.ts
FN:4,truncate
FN:8,seed
FNF:2
FNH:0
FNDA:0,truncate
FNDA:0,seed
DA:5,0
DA:9,0
DA:12,1
LF:3
LH:1
BRF:0
BRH:0
end_of_record
TN:
SF:src/services/recommendationsService.ts
FN:7,insert
FN:16,upvote
FN:22,downvote
FN:35,getByIdOrFail
FN:42,get
FN:46,getTop
FN:50,getRandom
FN:63,getByScore
FN:76,getScoreFilter
FNF:9
FNH:9
FNDA:3,insert
FNDA:2,upvote
FNDA:3,downvote
FNDA:10,getByIdOrFail
FNDA:1,get
FNDA:1,getTop
FNDA:3,getRandom
FNDA:3,getByScore
FNDA:3,getScoreFilter
DA:8,3
DA:11,3
DA:12,2
DA:13,1
DA:17,2
DA:19,1
DA:23,3
DA:25,2
DA:30,2
DA:31,1
DA:36,10
DA:37,10
DA:39,8
DA:43,1
DA:47,1
DA:51,3
DA:52,3
DA:54,3
DA:55,3
DA:56,2
DA:59,1
DA:60,1
DA:64,3
DA:69,3
DA:70,1
DA:73,2
DA:77,3
DA:78,3
DA:81,0
DA:84,2
LF:30
LH:29
BRDA:11,0,0,2
BRDA:30,1,0,1
BRDA:37,2,0,2
BRDA:55,3,0,2
BRDA:69,4,0,1
BRDA:77,5,0,3
BRF:6
BRH:6
end_of_record
TN:
SF:src/utils/errorUtils.ts
FN:7,isAppError
FN:11,errorTypeToStatusCode
FN:19,conflictError
FN:23,notFoundError
FN:27,unauthorizedError
FN:31,wrongSchemaError
FNF:6
FNH:5
FNDA:6,isAppError
FNDA:6,errorTypeToStatusCode
FNDA:2,conflictError
FNDA:4,notFoundError
FNDA:0,unauthorizedError
FNDA:4,wrongSchemaError
DA:8,6
DA:12,6
DA:13,5
DA:14,4
DA:15,4
DA:16,0
DA:20,2
DA:24,4
DA:28,0
DA:32,4
LF:10
LH:8
BRDA:12,0,0,1
BRDA:13,1,0,1
BRDA:14,2,0,0
BRDA:15,3,0,4
BRDA:20,4,0,2
BRDA:20,4,1,0
BRDA:20,5,0,2
BRDA:20,5,1,2
BRDA:24,6,0,0
BRDA:24,6,1,4
BRDA:24,7,0,4
BRDA:24,7,1,4
BRDA:28,8,0,0
BRDA:28,8,1,0
BRDA:28,9,0,0
BRDA:28,9,1,0
BRDA:32,10,0,0
BRDA:32,10,1,4
BRDA:32,11,0,4
BRDA:32,11,1,4
BRF:20
BRH:12
end_of_record
TN:
SF:tests/integration/factories/recommendationFactory.ts
FN:3,lowScoreRecommendationFactory
FN:12,recommendationFactory
FN:27,recommendationBodyFactory
FN:45,recommendationDataFactory
FN:54,manyRecommendationsDataFactory
FN:119,manyRecommendationsFactory
FNF:6
FNH:6
FNDA:1,lowScoreRecommendationFactory
FNDA:4,recommendationFactory
FNDA:9,recommendationBodyFactory
FNDA:1,recommendationDataFactory
FNDA:3,manyRecommendationsDataFactory
FNDA:3,manyRecommendationsFactory
DA:4,1
DA:13,4
DA:17,4
DA:28,9
DA:33,9
DA:34,4
DA:35,1
DA:36,3
DA:37,2
DA:38,1
DA:42,1
DA:46,1
DA:55,3
DA:120,3
DA:124,3
LF:15
LH:15
BRDA:33,0,0,5
BRDA:34,1,0,1
BRDA:36,2,0,1
BRDA:37,3,0,1
BRDA:42,4,0,1
BRF:5
BRH:5
end_of_record
